Using pre-set license
Built from '2020.3/staging' branch; Version is '2020.3.5f1 (8095aa901b9b) revision 8426922'; Using compiler version '192528614'; Build Type 'Release'
OS: 'Windows 10 Home; OS build 19043.1645; Version 2009; 64bit' Language: 'en' Physical Memory: 16227 MB
BatchMode: 1, IsHumanControllingUs: 0, StartBugReporterOnCrash: 0, Is64bit: 1, IsPro: 0

 COMMAND LINE ARGUMENTS:
C:\Program Files\Unity\Hub\Editor\2020.3.5f1\Editor\Unity.exe
-adb2
-batchMode
-noUpm
-name
AssetImportWorker1
-projectPath
C:/Users/Jasmine Kaeseberg/Documents/GitHub/MiniJamDreamy/DreamyJam/Dreamy
-logFile
Logs/AssetImportWorker1.log
-srvPort
54175
Successfully changed project path to: C:/Users/Jasmine Kaeseberg/Documents/GitHub/MiniJamDreamy/DreamyJam/Dreamy
C:/Users/Jasmine Kaeseberg/Documents/GitHub/MiniJamDreamy/DreamyJam/Dreamy
Using Asset Import Pipeline V2.
Refreshing native plugins compatible for Editor in 37.38 ms, found 1 plugins.
Preloading 0 native plugins for Editor in 0.00 ms.
Initialize engine version: 2020.3.5f1 (8095aa901b9b)
[Subsystems] Discovering subsystems at path C:/Program Files/Unity/Hub/Editor/2020.3.5f1/Editor/Data/Resources/UnitySubsystems
[Subsystems] Discovering subsystems at path C:/Users/Jasmine Kaeseberg/Documents/GitHub/MiniJamDreamy/DreamyJam/Dreamy/Assets
GfxDevice: creating device client; threaded=0
Direct3D:
    Version:  Direct3D 11.0 [level 11.1]
    Renderer: NVIDIA GeForce GTX 1660 SUPER (ID=0x21c4)
    Vendor:   
    VRAM:     5992 MB
    Driver:   30.0.15.1179
Initialize mono
Mono path[0] = 'C:/Program Files/Unity/Hub/Editor/2020.3.5f1/Editor/Data/Managed'
Mono path[1] = 'C:/Program Files/Unity/Hub/Editor/2020.3.5f1/Editor/Data/MonoBleedingEdge/lib/mono/unityjit'
Mono config path = 'C:/Program Files/Unity/Hub/Editor/2020.3.5f1/Editor/Data/MonoBleedingEdge/etc'
Using monoOptions --debugger-agent=transport=dt_socket,embedding=1,server=y,suspend=n,address=127.0.0.1:56476
Begin MonoManager ReloadAssembly
Registering precompiled unity dll's ...
Register platform support module: C:/Program Files/Unity/Hub/Editor/2020.3.5f1/Editor/Data/PlaybackEngines/WebGLSupport/UnityEditor.WebGL.Extensions.dll
Register platform support module: C:/Program Files/Unity/Hub/Editor/2020.3.5f1/Editor/Data/PlaybackEngines/WindowsStandaloneSupport/UnityEditor.WindowsStandalone.Extensions.dll
Registered in 0.002194 seconds.
Native extension for WindowsStandalone target not found
Native extension for WebGL target not found
Refreshing native plugins compatible for Editor in 37.96 ms, found 1 plugins.
Preloading 0 native plugins for Editor in 0.00 ms.
Mono: successfully reloaded assembly
- Completed reload, in  2.340 seconds
Platform modules already initialized, skipping
Registering precompiled user dll's ...
Registered in 0.000884 seconds.
Begin MonoManager ReloadAssembly
Native extension for WindowsStandalone target not found
Native extension for WebGL target not found
Refreshing native plugins compatible for Editor in 40.91 ms, found 1 plugins.
Preloading 0 native plugins for Editor in 0.00 ms.
Mono: successfully reloaded assembly
- Completed reload, in  0.978 seconds
Platform modules already initialized, skipping
========================================================================
Worker process is ready to serve import requests
Launched and connected shader compiler UnityShaderCompiler.exe after 0.08 seconds
Refreshing native plugins compatible for Editor in 0.33 ms, found 1 plugins.
Preloading 0 native plugins for Editor in 0.00 ms.
Unloading 1827 Unused Serialized files (Serialized files now loaded: 0)
System memory in use before: 87.7 MB.
System memory in use after: 87.8 MB.

Unloading 19 unused Assets to reduce memory usage. Loaded Objects now: 2275.
Total: 3.283500 ms (FindLiveObjects: 0.207100 ms CreateObjectMapping: 0.069600 ms MarkObjects: 2.943200 ms  DeleteObjects: 0.062700 ms)

========================================================================
Received Import Request.
  path: Assets/JasmineStuff/Nightmare2Scripts/EndMessage.cs
  artifactKey: Guid(36395f5dba3c9bd4b836dca4821e05bf) Importer(815301076,1909f56bfc062723c751e8b465ee728b)
Start importing Assets/JasmineStuff/Nightmare2Scripts/EndMessage.cs using Guid(36395f5dba3c9bd4b836dca4821e05bf) Importer(815301076,1909f56bfc062723c751e8b465ee728b)  -> (artifact id: '9f8968a78a4f212d4fa066655c0dacbe') in 0.019368 seconds
  Import took 0.022227 seconds .

========================================================================
Received Prepare
Refreshing native plugins compatible for Editor in 1.69 ms, found 1 plugins.
Preloading 0 native plugins for Editor in 0.00 ms.
Unloading 5 Unused Serialized files (Serialized files now loaded: 0)
System memory in use before: 49.5 MB.
System memory in use after: 49.7 MB.

Unloading 5 unused Assets to reduce memory usage. Loaded Objects now: 2275.
Total: 2.414200 ms (FindLiveObjects: 0.169700 ms CreateObjectMapping: 0.061400 ms MarkObjects: 2.166500 ms  DeleteObjects: 0.015200 ms)

========================================================================
Received Prepare
Registering precompiled user dll's ...
Registered in 0.000854 seconds.
Begin MonoManager ReloadAssembly
Native extension for WindowsStandalone target not found
Native extension for WebGL target not found
Refreshing native plugins compatible for Editor in 0.34 ms, found 1 plugins.
Preloading 0 native plugins for Editor in 0.00 ms.
Mono: successfully reloaded assembly
- Completed reload, in  0.871 seconds
Platform modules already initialized, skipping
Refreshing native plugins compatible for Editor in 0.35 ms, found 1 plugins.
Preloading 0 native plugins for Editor in 0.00 ms.
Unloading 1804 Unused Serialized files (Serialized files now loaded: 0)
System memory in use before: 85.9 MB.
System memory in use after: 86.0 MB.

Unloading 7 unused Assets to reduce memory usage. Loaded Objects now: 2279.
Total: 1.862200 ms (FindLiveObjects: 0.159800 ms CreateObjectMapping: 0.060000 ms MarkObjects: 1.625500 ms  DeleteObjects: 0.016100 ms)

========================================================================
Received Import Request.
  Time since last request: 97.231248 seconds.
  path: Assets/JasmineStuff/Nightmare1Scripts
  artifactKey: Guid(e049eab6443dc6e4daa1e29d1fed8bd1) Importer(815301076,1909f56bfc062723c751e8b465ee728b)
Start importing Assets/JasmineStuff/Nightmare1Scripts using Guid(e049eab6443dc6e4daa1e29d1fed8bd1) Importer(815301076,1909f56bfc062723c751e8b465ee728b)  -> (artifact id: '1198ddee542140cacd4bcdab978027fa') in 0.008150 seconds
  Import took 0.011056 seconds .

========================================================================
Received Prepare
Registering precompiled user dll's ...
Registered in 0.000888 seconds.
Begin MonoManager ReloadAssembly
Native extension for WindowsStandalone target not found
Native extension for WebGL target not found
Refreshing native plugins compatible for Editor in 0.34 ms, found 1 plugins.
Preloading 0 native plugins for Editor in 0.00 ms.
Mono: successfully reloaded assembly
- Completed reload, in  0.871 seconds
Platform modules already initialized, skipping
Refreshing native plugins compatible for Editor in 0.33 ms, found 1 plugins.
Preloading 0 native plugins for Editor in 0.00 ms.
Unloading 1804 Unused Serialized files (Serialized files now loaded: 0)
System memory in use before: 85.9 MB.
System memory in use after: 86.0 MB.

Unloading 7 unused Assets to reduce memory usage. Loaded Objects now: 2283.
Total: 1.839300 ms (FindLiveObjects: 0.195100 ms CreateObjectMapping: 0.100600 ms MarkObjects: 1.516700 ms  DeleteObjects: 0.025900 ms)

========================================================================
Received Prepare
Registering precompiled user dll's ...
Registered in 0.000992 seconds.
Begin MonoManager ReloadAssembly
Native extension for WindowsStandalone target not found
Native extension for WebGL target not found
Refreshing native plugins compatible for Editor in 0.40 ms, found 1 plugins.
Preloading 0 native plugins for Editor in 0.00 ms.
Mono: successfully reloaded assembly
- Completed reload, in  0.890 seconds
Platform modules already initialized, skipping
Refreshing native plugins compatible for Editor in 0.35 ms, found 1 plugins.
Preloading 0 native plugins for Editor in 0.00 ms.
Unloading 1804 Unused Serialized files (Serialized files now loaded: 0)
System memory in use before: 85.9 MB.
System memory in use after: 86.0 MB.

Unloading 7 unused Assets to reduce memory usage. Loaded Objects now: 2287.
Total: 2.190000 ms (FindLiveObjects: 0.179000 ms CreateObjectMapping: 0.075100 ms MarkObjects: 1.920000 ms  DeleteObjects: 0.014800 ms)

========================================================================
Received Import Request.
  Time since last request: 10.360494 seconds.
  path: Assets/JasmineStuff/GameUI.unity
  artifactKey: Guid(147f4bd7a910a9b4abf546250f59e1ae) Importer(815301076,1909f56bfc062723c751e8b465ee728b)
Start importing Assets/JasmineStuff/GameUI.unity using Guid(147f4bd7a910a9b4abf546250f59e1ae) Importer(815301076,1909f56bfc062723c751e8b465ee728b)  -> (artifact id: '49de0c9dd957c4295a5cd5bbdff52f11') in 0.012344 seconds
  Import took 0.015260 seconds .

========================================================================
Received Prepare
Registering precompiled user dll's ...
Registered in 0.000843 seconds.
Begin MonoManager ReloadAssembly
Native extension for WindowsStandalone target not found
Native extension for WebGL target not found
Refreshing native plugins compatible for Editor in 0.34 ms, found 1 plugins.
Preloading 0 native plugins for Editor in 0.00 ms.
Mono: successfully reloaded assembly
- Completed reload, in  0.831 seconds
Platform modules already initialized, skipping
Refreshing native plugins compatible for Editor in 0.35 ms, found 1 plugins.
Preloading 0 native plugins for Editor in 0.00 ms.
Unloading 1804 Unused Serialized files (Serialized files now loaded: 0)
System memory in use before: 85.9 MB.
System memory in use after: 86.1 MB.

Unloading 7 unused Assets to reduce memory usage. Loaded Objects now: 2291.
Total: 2.000300 ms (FindLiveObjects: 0.181200 ms CreateObjectMapping: 0.071500 ms MarkObjects: 1.728900 ms  DeleteObjects: 0.017600 ms)

========================================================================
Received Prepare
Registering precompiled user dll's ...
Registered in 0.000834 seconds.
Begin MonoManager ReloadAssembly
Native extension for WindowsStandalone target not found
Native extension for WebGL target not found
Refreshing native plugins compatible for Editor in 0.33 ms, found 1 plugins.
Preloading 0 native plugins for Editor in 0.00 ms.
Mono: successfully reloaded assembly
- Completed reload, in  0.836 seconds
Platform modules already initialized, skipping
Refreshing native plugins compatible for Editor in 0.37 ms, found 1 plugins.
Preloading 0 native plugins for Editor in 0.00 ms.
Unloading 1804 Unused Serialized files (Serialized files now loaded: 0)
System memory in use before: 86.0 MB.
System memory in use after: 86.1 MB.

Unloading 7 unused Assets to reduce memory usage. Loaded Objects now: 2295.
Total: 1.801400 ms (FindLiveObjects: 0.168900 ms CreateObjectMapping: 0.066600 ms MarkObjects: 1.552500 ms  DeleteObjects: 0.012100 ms)

AssetImportWorkerClient::OnTransportError - code=2 error=End of file
