Using pre-set license
Built from '2020.3/staging' branch; Version is '2020.3.5f1 (8095aa901b9b) revision 8426922'; Using compiler version '192528614'; Build Type 'Release'
OS: 'Windows 10 Home; OS build 19043.1645; Version 2009; 64bit' Language: 'en' Physical Memory: 16227 MB
BatchMode: 1, IsHumanControllingUs: 0, StartBugReporterOnCrash: 0, Is64bit: 1, IsPro: 0

 COMMAND LINE ARGUMENTS:
C:\Program Files\Unity\Hub\Editor\2020.3.5f1\Editor\Unity.exe
-adb2
-batchMode
-noUpm
-name
AssetImportWorker0
-projectPath
C:/Users/Jasmine Kaeseberg/Documents/GitHub/MiniJamDreamy/DreamyJam/Dreamy
-logFile
Logs/AssetImportWorker0.log
-srvPort
57788
Successfully changed project path to: C:/Users/Jasmine Kaeseberg/Documents/GitHub/MiniJamDreamy/DreamyJam/Dreamy
C:/Users/Jasmine Kaeseberg/Documents/GitHub/MiniJamDreamy/DreamyJam/Dreamy
Using Asset Import Pipeline V2.
Refreshing native plugins compatible for Editor in 38.41 ms, found 1 plugins.
Preloading 0 native plugins for Editor in 0.00 ms.
Initialize engine version: 2020.3.5f1 (8095aa901b9b)
[Subsystems] Discovering subsystems at path C:/Program Files/Unity/Hub/Editor/2020.3.5f1/Editor/Data/Resources/UnitySubsystems
[Subsystems] Discovering subsystems at path C:/Users/Jasmine Kaeseberg/Documents/GitHub/MiniJamDreamy/DreamyJam/Dreamy/Assets
GfxDevice: creating device client; threaded=0
Direct3D:
    Version:  Direct3D 11.0 [level 11.1]
    Renderer: NVIDIA GeForce GTX 1660 SUPER (ID=0x21c4)
    Vendor:   
    VRAM:     5992 MB
    Driver:   30.0.15.1179
Initialize mono
Mono path[0] = 'C:/Program Files/Unity/Hub/Editor/2020.3.5f1/Editor/Data/Managed'
Mono path[1] = 'C:/Program Files/Unity/Hub/Editor/2020.3.5f1/Editor/Data/MonoBleedingEdge/lib/mono/unityjit'
Mono config path = 'C:/Program Files/Unity/Hub/Editor/2020.3.5f1/Editor/Data/MonoBleedingEdge/etc'
Using monoOptions --debugger-agent=transport=dt_socket,embedding=1,server=y,suspend=n,address=127.0.0.1:56456
Begin MonoManager ReloadAssembly
Registering precompiled unity dll's ...
Register platform support module: C:/Program Files/Unity/Hub/Editor/2020.3.5f1/Editor/Data/PlaybackEngines/WebGLSupport/UnityEditor.WebGL.Extensions.dll
Register platform support module: C:/Program Files/Unity/Hub/Editor/2020.3.5f1/Editor/Data/PlaybackEngines/WindowsStandaloneSupport/UnityEditor.WindowsStandalone.Extensions.dll
Registered in 0.002298 seconds.
Native extension for WindowsStandalone target not found
Native extension for WebGL target not found
Refreshing native plugins compatible for Editor in 39.40 ms, found 1 plugins.
Preloading 0 native plugins for Editor in 0.00 ms.
Mono: successfully reloaded assembly
- Completed reload, in  2.055 seconds
Platform modules already initialized, skipping
Registering precompiled user dll's ...
Registered in 0.001016 seconds.
Begin MonoManager ReloadAssembly
Native extension for WindowsStandalone target not found
Native extension for WebGL target not found
Refreshing native plugins compatible for Editor in 39.99 ms, found 1 plugins.
Preloading 0 native plugins for Editor in 0.00 ms.
Mono: successfully reloaded assembly
- Completed reload, in  0.989 seconds
Platform modules already initialized, skipping
========================================================================
Worker process is ready to serve import requests
Launched and connected shader compiler UnityShaderCompiler.exe after 0.04 seconds
Refreshing native plugins compatible for Editor in 0.33 ms, found 1 plugins.
Preloading 0 native plugins for Editor in 0.00 ms.
Unloading 1808 Unused Serialized files (Serialized files now loaded: 0)
System memory in use before: 85.4 MB.
System memory in use after: 85.4 MB.

Unloading 24 unused Assets to reduce memory usage. Loaded Objects now: 2250.
Total: 2.200900 ms (FindLiveObjects: 0.180100 ms CreateObjectMapping: 0.070900 ms MarkObjects: 1.814800 ms  DeleteObjects: 0.133600 ms)

========================================================================
Received Import Request.
  path: Assets/ZepsStuff
  artifactKey: Guid(e04aee15896c8c8438d1f953d8af0586) Importer(815301076,1909f56bfc062723c751e8b465ee728b)
Start importing Assets/ZepsStuff using Guid(e04aee15896c8c8438d1f953d8af0586) Importer(815301076,1909f56bfc062723c751e8b465ee728b)  -> (artifact id: '4cba0e43d5c8cf537ace949311455824') in 0.008609 seconds
  Import took 0.011452 seconds .

========================================================================
Received Import Request.
  Time since last request: 4.376026 seconds.
  path: Assets/ZepsStuff/ZepScene.unity
  artifactKey: Guid(9b6183f840940e74fbcb499d03efde68) Importer(815301076,1909f56bfc062723c751e8b465ee728b)
Start importing Assets/ZepsStuff/ZepScene.unity using Guid(9b6183f840940e74fbcb499d03efde68) Importer(815301076,1909f56bfc062723c751e8b465ee728b)  -> (artifact id: '330a5d01c7d37a95b3c4bebd1405a8ce') in 0.014692 seconds
  Import took 0.017830 seconds .

========================================================================
Received Import Request.
  Time since last request: 0.000445 seconds.
  path: Assets/ZepsStuff/ZepScene.unity
  artifactKey: Guid(9b6183f840940e74fbcb499d03efde68) Importer(815301076,1909f56bfc062723c751e8b465ee728b)
Start importing Assets/ZepsStuff/ZepScene.unity using Guid(9b6183f840940e74fbcb499d03efde68) Importer(815301076,1909f56bfc062723c751e8b465ee728b)  -> (artifact id: '330a5d01c7d37a95b3c4bebd1405a8ce') in 0.003874 seconds
  Import took 0.007743 seconds .

AssetImportWorkerClient::OnTransportError - code=2 error=End of file
